2026-04-01 21:23:00 [INFO] de.moamen.database.DataSourceImpl - Opening database connection
2026-04-01 21:23:00 [INFO] de.moamen.database.DataSourceImpl - Database connection opened
2026-04-01 21:23:00 [INFO] de.moamen.database.DataSourceImpl - Connection closed
2026-04-01 21:23:46 [INFO] de.moamen.database.DataSourceImpl - Opening database connection
2026-04-01 21:23:46 [INFO] de.moamen.database.DataSourceImpl - Database connection opened
2026-04-01 21:23:46 [INFO] de.moamen.database.DataSourceImpl - Searching book with isbn 1
2026-04-01 21:23:46 [INFO] de.moamen.database.DataSourceImpl - Book with isbn 1 found
2026-04-01 21:23:46 [INFO] de.moamen.database.DataSourceImpl - Connection closed
2026-04-01 21:23:46 [INFO] de.moamen.database.DataSourceImpl - Opening database connection
2026-04-01 21:23:46 [INFO] de.moamen.database.DataSourceImpl - Database connection opened
2026-04-01 21:23:46 [INFO] de.moamen.database.DataSourceImpl - Searching book with isbn 2
2026-04-01 21:23:46 [INFO] de.moamen.database.DataSourceImpl - Book with isbn 2 found
2026-04-01 21:23:46 [INFO] de.moamen.database.DataSourceImpl - Connection closed
2026-04-01 21:23:46 [INFO] de.moamen.database.DataSourceImpl - Opening database connection
2026-04-01 21:23:46 [INFO] de.moamen.database.DataSourceImpl - Database connection opened
2026-04-01 21:23:46 [INFO] de.moamen.database.DataSourceImpl - Searching book with isbn 3
2026-04-01 21:23:46 [INFO] de.moamen.database.DataSourceImpl - Book with isbn 3 found
2026-04-01 21:23:46 [INFO] de.moamen.database.DataSourceImpl - Connection closed
2026-04-01 21:23:46 [INFO] de.moamen.database.DataSourceImpl - Opening database connection
2026-04-01 21:23:46 [INFO] de.moamen.database.DataSourceImpl - Database connection opened
2026-04-01 21:23:46 [INFO] de.moamen.database.DataSourceImpl - Searching book with isbn 4
2026-04-01 21:23:46 [INFO] de.moamen.database.DataSourceImpl - Book with isbn 4 found
2026-04-01 21:23:46 [INFO] de.moamen.database.DataSourceImpl - Connection closed
2026-04-01 21:23:46 [INFO] de.moamen.database.DataSourceImpl - Opening database connection
2026-04-01 21:23:46 [INFO] de.moamen.database.DataSourceImpl - Database connection opened
2026-04-01 21:23:46 [INFO] de.moamen.database.DataSourceImpl - Searching book with isbn 5
2026-04-01 21:23:46 [INFO] de.moamen.database.DataSourceImpl - Book with isbn 5 found
2026-04-01 21:23:46 [INFO] de.moamen.database.DataSourceImpl - Connection closed
2026-04-03 16:51:11 [INFO] de.moamen.database.DataSourceImpl - Opening database connection
2026-04-03 16:51:11 [INFO] de.moamen.database.DataSourceImpl - Database connection opened
2026-04-03 16:51:11 [INFO] de.moamen.database.BookToDatabaseConnectorImpl - Loaded 5 books from database
2026-04-03 16:51:11 [INFO] de.moamen.database.DataSourceImpl - Connection closed
2026-04-03 16:51:11 [INFO] de.moamen.service.Library - Loaded 5 books from database
2026-04-03 16:51:59 [INFO] de.moamen.service.Library - book added successfully: Book{isbn=9812454, title='A1.1', year=2024, author=Author{id=5, name='telc', bio='null'}}
2026-04-03 16:55:01 [DEBUG] de.moamen.service.Library - Loading books from database
2026-04-03 16:55:01 [DEBUG] de.moamen.database.BookToDatabaseConnectorImpl - Attempting to load books from database
2026-04-03 16:55:01 [INFO] de.moamen.database.DataSourceImpl - Opening database connection
2026-04-03 16:55:01 [INFO] de.moamen.database.DataSourceImpl - Database connection opened
2026-04-03 16:55:01 [DEBUG] de.moamen.database.DataSourceImpl - Ensuring BOOK table exists
2026-04-03 16:55:01 [DEBUG] de.moamen.database.DataSourceImpl - Fetching all books
2026-04-03 16:55:01 [DEBUG] de.moamen.database.DataSourceImpl - Found 5 books
2026-04-03 16:55:01 [INFO] de.moamen.database.BookToDatabaseConnectorImpl - Loaded 5 books from database
2026-04-03 16:55:01 [INFO] de.moamen.database.DataSourceImpl - Connection closed
2026-04-03 16:55:01 [INFO] de.moamen.service.Library - Loaded 5 books from database
2026-04-03 16:55:23 [DEBUG] de.moamen.service.Library - Attempting to add book Book{isbn=837437432, title='A1,1', year=2024, author=Author{id=5, name='telc', bio='null'}}
2026-04-03 16:55:23 [INFO] de.moamen.service.Library - book added successfully: Book{isbn=837437432, title='A1,1', year=2024, author=Author{id=5, name='telc', bio='null'}}
